Mono path[0] = 'D:/Program Files (x86)/Steam/steamapps/common/RimWorld/RimWorldWin64_Data/Managed'
Mono config path = 'D:/Program Files (x86)/Steam/steamapps/common/RimWorld/MonoBleedingEdge/etc'
Initialize engine version: 2019.4.30f1 (e8c891080a1f)
[Subsystems] Discovering subsystems at path D:/Program Files (x86)/Steam/steamapps/common/RimWorld/RimWorldWin64_Data/UnitySubsystems
GfxDevice: creating device client; threaded=1
Direct3D:
    Version:  Direct3D 11.0 [level 11.1]
    Renderer: NVIDIA GeForce GTX 1050 Ti (ID=0x1c8c)
    Vendor:   
    VRAM:     4017 MB
    Driver:   31.0.15.3168
Begin MonoManager ReloadAssembly
- Completed reload, in  0.103 seconds
<RI> Initializing input.
<RI> Input initialized.
<RI> Initialized touch support.
UnloadTime: 0.811000 ms
Command line arguments: -savedatafolder=C:\Users\kcook\AppData\LocalLow\Ludeon Studios\RimWorld by Ludeon Studios
RimWorld 1.4.3704 rev896
Save data folder overridden to C:\Users\kcook\AppData\LocalLow\Ludeon Studios\RimWorld by Ludeon Studios
Mod  is missing supported versions list in About.xml! (example: <supportedVersions><li>1.0</li></supportedVersions>) 
(Filename: C:\buildslave\unity\build\Runtime/Export/Debug/Debug.bindings.h Line: 39)

Mod 1507748539 is missing packageId in About.xml! (example: <packageId>AuthorName.ModName.Specific</packageId>) 
(Filename: C:\buildslave\unity\build\Runtime/Export/Debug/Debug.bindings.h Line: 39)

Fallback handler could not load library D:/Program Files (x86)/Steam/steamapps/common/RimWorld/RimWorldWin64_Data/Mono/data-0000029DADBCD030.dll
Fallback handler could not load library D:/Program Files (x86)/Steam/steamapps/common/RimWorld/RimWorldWin64_Data/Mono/data-0000029D60AAB7C0.dll
Fallback handler could not load library D:/Program Files (x86)/Steam/steamapps/common/RimWorld/RimWorldWin64_Data/Mono/data-0000029DADB17010.dll
Fallback handler could not load library D:/Program Files (x86)/Steam/steamapps/common/RimWorld/RimWorldWin64_Data/Mono/data-0000029DADB32C20.dll
Fallback handler could not load library D:/Program Files (x86)/Steam/steamapps/common/RimWorld/RimWorldWin64_Data/Mono/data-0000029DADCE2020.dll
Fallback handler could not load library D:/Program Files (x86)/Steam/steamapps/common/RimWorld/RimWorldWin64_Data/Mono/data-0000029DADAC8030.dll
Fallback handler could not load library D:/Program Files (x86)/Steam/steamapps/common/RimWorld/RimWorldWin64_Data/Mono/data-0000029DADA66050.dll
Fallback handler could not load library D:/Program Files (x86)/Steam/steamapps/common/RimWorld/RimWorldWin64_Data/Mono/data-0000029DADACC240.dll
Fallback handler could not load library D:/Program Files (x86)/Steam/steamapps/common/RimWorld/RimWorldWin64_Data/Mono/data-0000029DADCE7830.dll
Fallback handler could not load library D:/Program Files (x86)/Steam/steamapps/common/RimWorld/RimWorldWin64_Data/Mono/data-0000029DADB4D640.dll
Fallback handler could not load library D:/Program Files (x86)/Steam/steamapps/common/RimWorld/RimWorldWin64_Data/Mono/data-0000029DADAF3180.dll
Fallback handler could not load library D:/Program Files (x86)/Steam/steamapps/common/RimWorld/RimWorldWin64_Data/Mono/data-0000029DADB54250.dll
Fallback handler could not load library D:/Program Files (x86)/Steam/steamapps/common/RimWorld/RimWorldWin64_Data/Mono/data-0000029DADB55A60.dll
Fallback handler could not load library D:/Program Files (x86)/Steam/steamapps/common/RimWorld/RimWorldWin64_Data/Mono/data-0000029DADB5AA70.dll
Fallback handler could not load library D:/Program Files (x86)/Steam/steamapps/common/RimWorld/RimWorldWin64_Data/Mono/data-0000029D60AB5840.dll
Fallback handler could not load library D:/Program Files (x86)/Steam/steamapps/common/RimWorld/RimWorldWin64_Data/Mono/data-0000029DADB5C680.dll
Fallback handler could not load library D:/Program Files (x86)/Steam/steamapps/common/RimWorld/RimWorldWin64_Data/Mono/data-0000029DADCE9240.dll
Fallback handler could not load library D:/Program Files (x86)/Steam/steamapps/common/RimWorld/RimWorldWin64_Data/Mono/data-0000029DADCFA860.dll
Fallback handler could not load library D:/Program Files (x86)/Steam/steamapps/common/RimWorld/RimWorldWin64_Data/Mono/data-0000029DADCFFC80.dll
Fallback handler could not load library D:/Program Files (x86)/Steam/steamapps/common/RimWorld/RimWorldWin64_Data/Mono/data-0000029DADAED150.dll
Fallback handler could not load library D:/Program Files (x86)/Steam/steamapps/common/RimWorld/RimWorldWin64_Data/Mono/data-0000029DADD108C0.dll
Fallback handler could not load library D:/Program Files (x86)/Steam/steamapps/common/RimWorld/RimWorldWin64_Data/Mono/data-0000029DADCF9880.dll
Fallback handler could not load library D:/Program Files (x86)/Steam/steamapps/common/RimWorld/RimWorldWin64_Data/Mono/data-0000029DAE10A0F0.dll
Knowledge data was missing key ROM_SanityLossConcept. Adding it... 
(Filename: C:\buildslave\unity\build\Runtime/Export/Debug/Debug.bindings.h Line: 39)

Knowledge data was missing key ROM_SanityLossConcept. Adding it... 
(Filename: C:\buildslave\unity\build\Runtime/Export/Debug/Debug.bindings.h Line: 39)

Translation data for language English has 1 errors. Generate translation report for more info. 
(Filename: C:\buildslave\unity\build\Runtime/Export/Debug/Debug.bindings.h Line: 39)

PawnUtility.IsTravelingInTransportPodWorldObject.IsTravelingInTransportPodWorldObject_PostFix Passed
MapPawns.AnyPawnBlockingMapRemoval Passed
JobDriver.MeditationTick Passed
FertilityGrid.CalculateFertilityAt Passed
MouseoverReadout.MouseoverReadoutOnGUI Passed
ThingWithComps.InitializeComps_PostFix Passed
Pawn.BodySize.get_BodySize_PostFix Passed
Pawn.HealthScale.get_HealthScale_PostFix Passed
Pawn_DrawTracker.DrawAt_PostFix Passed
GenLabel.BestKindLabel_PostFix Passed
Unloading 5 Unused Serialized files (Serialized files now loaded: 3)

Unloading 40 unused Assets to reduce memory usage. Loaded Objects now: 19770.
Total: 231.361600 ms (FindLiveObjects: 1.554900 ms CreateObjectMapping: 1.627700 ms MarkObjects: 228.076400 ms  DeleteObjects: 0.102200 ms)

Unloading 2 Unused Serialized files (Serialized files now loaded: 3)

Unloading 8 unused Assets to reduce memory usage. Loaded Objects now: 20557.
Total: 254.548500 ms (FindLiveObjects: 1.080900 ms CreateObjectMapping: 1.188500 ms MarkObjects: 252.210700 ms  DeleteObjects: 0.068100 ms)

Unloading 3 Unused Serialized files (Serialized files now loaded: 3)
UnloadTime: 0.234800 ms

Unloading 2 unused Assets to reduce memory usage. Loaded Objects now: 20871.
Total: 268.963700 ms (FindLiveObjects: 1.011900 ms CreateObjectMapping: 1.445600 ms MarkObjects: 266.450700 ms  DeleteObjects: 0.055200 ms)

Initializing new game with mods:
  - brrainz.harmony
  - Ludeon.RimWorld
  - Ludeon.RimWorld.Royalty
  - Ludeon.RimWorld.Ideology
  - Ludeon.RimWorld.Biotech
  - jecrell.jecstools
  - rimofmadness.CallofCthulhuCults
Unloading 0 Unused Serialized files (Serialized files now loaded: 3)

Unloading 0 unused Assets to reduce memory usage. Loaded Objects now: 25479.
Total: 316.328300 ms (FindLiveObjects: 1.563000 ms CreateObjectMapping: 2.265600 ms MarkObjects: 312.442300 ms  DeleteObjects: 0.057000 ms)

Unloading 3 Unused Serialized files (Serialized files now loaded: 3)
UnloadTime: 0.470400 ms

Unloading 4745 unused Assets to reduce memory usage. Loaded Objects now: 21062.
Total: 269.193900 ms (FindLiveObjects: 1.243100 ms CreateObjectMapping: 1.818700 ms MarkObjects: 260.431800 ms  DeleteObjects: 5.699900 ms)

Unloading 2 Unused Serialized files (Serialized files now loaded: 3)
UnloadTime: 0.187500 ms

Unloading 1 unused Assets to reduce memory usage. Loaded Objects now: 21082.
Total: 275.678400 ms (FindLiveObjects: 0.951300 ms CreateObjectMapping: 1.317400 ms MarkObjects: 273.360000 ms  DeleteObjects: 0.049300 ms)

Loading game from file New Arrivals1 with mods:
  - brrainz.harmony
  - Ludeon.RimWorld
  - Ludeon.RimWorld.Royalty
  - Ludeon.RimWorld.Ideology
  - Ludeon.RimWorld.Biotech
  - jecrell.jecstools
  - rimofmadness.CallofCthulhuCults
Exception registering CultOfCthulhu.CosmicEntity Entity_Dagon1 in loaded object directory with unique thing ID 1: System.ArgumentException: An item with the same key has already been added. Key: 1
  at System.Collections.Generic.Dictionary`2[TKey,TValue].TryInsert (TKey key, TValue value, System.Collections.Generic.InsertionBehavior behavior) [0x000c1] in <eae584ce26bc40229c1b1aa476bfa589>:0 
  at System.Collections.Generic.Dictionary`2[TKey,TValue].Add (TKey key, TValue value) [0x00000] in <eae584ce26bc40229c1b1aa476bfa589>:0 
  at Verse.LoadedObjectDirectory.RegisterLoaded (Verse.ILoadReferenceable reffable) [0x00145] in <95de19971c5d40878d8742747904cdcd>:0  
(Filename: C:\buildslave\unity\build\Runtime/Export/Debug/Debug.bindings.h Line: 39)

Exception registering CultOfCthulhu.CosmicEntity Entity_Shub1 in loaded object directory with unique thing ID 1: System.ArgumentException: An item with the same key has already been added. Key: 1
  at System.Collections.Generic.Dictionary`2[TKey,TValue].TryInsert (TKey key, TValue value, System.Collections.Generic.InsertionBehavior behavior) [0x000c1] in <eae584ce26bc40229c1b1aa476bfa589>:0 
  at System.Collections.Generic.Dictionary`2[TKey,TValue].Add (TKey key, TValue value) [0x00000] in <eae584ce26bc40229c1b1aa476bfa589>:0 
  at Verse.LoadedObjectDirectory.RegisterLoaded (Verse.ILoadReferenceable reffable) [0x00145] in <95de19971c5d40878d8742747904cdcd>:0  
(Filename: C:\buildslave\unity\build\Runtime/Export/Debug/Debug.bindings.h Line: 39)

Exception registering CultOfCthulhu.CosmicEntity Entity_Nyarlathotep1 in loaded object directory with unique thing ID 1: System.ArgumentException: An item with the same key has already been added. Key: 1
  at System.Collections.Generic.Dictionary`2[TKey,TValue].TryInsert (TKey key, TValue value, System.Collections.Generic.InsertionBehavior behavior) [0x000c1] in <eae584ce26bc40229c1b1aa476bfa589>:0 
  at System.Collections.Generic.Dictionary`2[TKey,TValue].Add (TKey key, TValue value) [0x00000] in <eae584ce26bc40229c1b1aa476bfa589>:0 
  at Verse.LoadedObjectDirectory.RegisterLoaded (Verse.ILoadReferenceable reffable) [0x00145] in <95de19971c5d40878d8742747904cdcd>:0  
(Filename: C:\buildslave\unity\build\Runtime/Export/Debug/Debug.bindings.h Line: 39)

Exception registering CultOfCthulhu.CosmicEntity Entity_Hastur1 in loaded object directory with unique thing ID 1: System.ArgumentException: An item with the same key has already been added. Key: 1
  at System.Collections.Generic.Dictionary`2[TKey,TValue].TryInsert (TKey key, TValue value, System.Collections.Generic.InsertionBehavior behavior) [0x000c1] in <eae584ce26bc40229c1b1aa476bfa589>:0 
  at System.Collections.Generic.Dictionary`2[TKey,TValue].Add (TKey key, TValue value) [0x00000] in <eae584ce26bc40229c1b1aa476bfa589>:0 
  at Verse.LoadedObjectDirectory.RegisterLoaded (Verse.ILoadReferenceable reffable) [0x00145] in <95de19971c5d40878d8742747904cdcd>:0  
(Filename: C:\buildslave\unity\build\Runtime/Export/Debug/Debug.bindings.h Line: 39)

Exception registering CultOfCthulhu.CosmicEntity Entity_Tsathoggua1 in loaded object directory with unique thing ID 1: System.ArgumentException: An item with the same key has already been added. Key: 1
  at System.Collections.Generic.Dictionary`2[TKey,TValue].TryInsert (TKey key, TValue value, System.Collections.Generic.InsertionBehavior behavior) [0x000c1] in <eae584ce26bc40229c1b1aa476bfa589>:0 
  at System.Collections.Generic.Dictionary`2[TKey,TValue].Add (TKey key, TValue value) [0x00000] in <eae584ce26bc40229c1b1aa476bfa589>:0 
  at Verse.LoadedObjectDirectory.RegisterLoaded (Verse.ILoadReferenceable reffable) [0x00145] in <95de19971c5d40878d8742747904cdcd>:0  
(Filename: C:\buildslave\unity\build\Runtime/Export/Debug/Debug.bindings.h Line: 39)

Exception registering CultOfCthulhu.CosmicEntity Entity_Bast1 in loaded object directory with unique thing ID 1: System.ArgumentException: An item with the same key has already been added. Key: 1
  at System.Collections.Generic.Dictionary`2[TKey,TValue].TryInsert (TKey key, TValue value, System.Collections.Generic.InsertionBehavior behavior) [0x000c1] in <eae584ce26bc40229c1b1aa476bfa589>:0 
  at System.Collections.Generic.Dictionary`2[TKey,TValue].Add (TKey key, TValue value) [0x00000] in <eae584ce26bc40229c1b1aa476bfa589>:0 
  at Verse.LoadedObjectDirectory.RegisterLoaded (Verse.ILoadReferenceable reffable) [0x00145] in <95de19971c5d40878d8742747904cdcd>:0  
(Filename: C:\buildslave\unity\build\Runtime/Export/Debug/Debug.bindings.h Line: 39)

Unloading 0 Unused Serialized files (Serialized files now loaded: 3)

Unloading 0 unused Assets to reduce memory usage. Loaded Objects now: 25580.
Total: 333.032000 ms (FindLiveObjects: 1.574300 ms CreateObjectMapping: 1.960700 ms MarkObjects: 329.445400 ms  DeleteObjects: 0.051200 ms)

Setting up 4 worker threads for Enlighten.
  Thread -> id: 46dc -> priority: 1 
  Thread -> id: 2a5c -> priority: 1 
  Thread -> id: 735c -> priority: 1 
  Thread -> id: 6288 -> priority: 1 
